Error: Unable to access jarfile /target/imagemApi.jar
Error: Unable to access jarfile targetimagemApi.jar

  .   ____          _            __ _ _
 /\\ / ___'_ __ _ _(_)_ __  __ _ \ \ \ \
( ( )\___ | '_ | '_| | '_ \/ _` | \ \ \ \
 \\/  ___)| |_)| | | | | || (_| |  ) ) ) )
  '  |____| .__|_| |_|_| |_\__, | / / / /
 =========|_|==============|___/=/_/_/_/
 :: Spring Boot ::        (v1.5.9.RELEASE)

2018-11-22 22:03:32.656  INFO 19441 --- [           main] br.com.facilitando.imagem.Application    : Starting Application v0.0.1-SNAPSHOT on ip-172-31-43-144 with PID 19441 (/home/ubuntu/repository/ImagemApi/target/imagemApi.jar started by ubuntu in /home/ubuntu/repository/ImagemApi)
2018-11-22 22:03:32.672  INFO 19441 --- [           main] br.com.facilitando.imagem.Application    : No active profile set, falling back to default profiles: default
2018-11-22 22:03:32.854  INFO 19441 --- [           main] ationConfigEmbeddedWebApplicationContext : Refreshing org.springframework.boot.context.embedded.AnnotationConfigEmbeddedWebApplicationContext@4b9af9a9: startup date [Thu Nov 22 22:03:32 UTC 2018]; root of context hierarchy
2018-11-22 22:03:37.048  INFO 19441 --- [           main] s.b.c.e.t.TomcatEmbeddedServletContainer : Tomcat initialized with port(s): 8080 (http)
2018-11-22 22:03:37.082  INFO 19441 --- [           main] o.apache.catalina.core.StandardService   : Starting service [Tomcat]
2018-11-22 22:03:37.083  INFO 19441 --- [           main] org.apache.catalina.core.StandardEngine  : Starting Servlet Engine: Apache Tomcat/8.5.23
2018-11-22 22:03:37.300  INFO 19441 --- [ost-startStop-1] o.a.c.c.C.[.[localhost].[/imagemApi]     : Initializing Spring embedded WebApplicationContext
2018-11-22 22:03:37.300  INFO 19441 --- [ost-startStop-1] o.s.web.context.ContextLoader            : Root WebApplicationContext: initialization completed in 4448 ms
2018-11-22 22:03:37.900  INFO 19441 --- [ost-startStop-1] o.s.b.w.servlet.ServletRegistrationBean  : Mapping servlet: 'dispatcherServlet' to [/]
2018-11-22 22:03:37.909  INFO 19441 --- [ost-startStop-1] o.s.b.w.servlet.FilterRegistrationBean   : Mapping filter: 'characterEncodingFilter' to: [/*]
2018-11-22 22:03:37.909  INFO 19441 --- [ost-startStop-1] o.s.b.w.servlet.FilterRegistrationBean   : Mapping filter: 'hiddenHttpMethodFilter' to: [/*]
2018-11-22 22:03:37.909  INFO 19441 --- [ost-startStop-1] o.s.b.w.servlet.FilterRegistrationBean   : Mapping filter: 'httpPutFormContentFilter' to: [/*]
2018-11-22 22:03:37.910  INFO 19441 --- [ost-startStop-1] o.s.b.w.servlet.FilterRegistrationBean   : Mapping filter: 'requestContextFilter' to: [/*]
2018-11-22 22:03:38.895  INFO 19441 --- [           main] s.w.s.m.m.a.RequestMappingHandlerMapping : Mapped "{[/imagens/{imageName}],methods=[GET]}" onto public void br.com.facilitando.imagem.controller.ImagemController.getImageAsByteArray(javax.servlet.http.HttpServletResponse,java.lang.String) throws java.io.IOException
2018-11-22 22:03:38.900  INFO 19441 --- [           main] s.w.s.m.m.a.RequestMappingHandlerMapping : Mapped "{[/imagens],methods=[POST]}" onto public org.springframework.http.ResponseEntity<br.com.facilitando.imagem.controller.response.SaveImageResponse> br.com.facilitando.imagem.controller.ImagemController.saveImage(br.com.facilitando.imagem.controller.request.SaveImageRequest)
2018-11-22 22:03:38.916  INFO 19441 --- [           main] s.w.s.m.m.a.RequestMappingHandlerMapping : Mapped "{[/swagger-resources/configuration/ui]}" onto public org.springframework.http.ResponseEntity<springfox.documentation.swagger.web.UiConfiguration> springfox.documentation.swagger.web.ApiResourceController.uiConfiguration()
2018-11-22 22:03:38.917  INFO 19441 --- [           main] s.w.s.m.m.a.RequestMappingHandlerMapping : Mapped "{[/swagger-resources]}" onto public org.springframework.http.ResponseEntity<java.util.List<springfox.documentation.swagger.web.SwaggerResource>> springfox.documentation.swagger.web.ApiResourceController.swaggerResources()
2018-11-22 22:03:38.918  INFO 19441 --- [           main] s.w.s.m.m.a.RequestMappingHandlerMapping : Mapped "{[/swagger-resources/configuration/security]}" onto public org.springframework.http.ResponseEntity<springfox.documentation.swagger.web.SecurityConfiguration> springfox.documentation.swagger.web.ApiResourceController.securityConfiguration()
2018-11-22 22:03:38.927  INFO 19441 --- [           main] s.w.s.m.m.a.RequestMappingHandlerMapping : Mapped "{[/error],produces=[text/html]}" onto public org.springframework.web.servlet.ModelAndView org.springframework.boot.autoconfigure.web.BasicErrorController.errorHtml(javax.servlet.http.HttpServletRequest,javax.servlet.http.HttpServletResponse)
2018-11-22 22:03:38.933  INFO 19441 --- [           main] s.w.s.m.m.a.RequestMappingHandlerMapping : Mapped "{[/error]}" onto public org.springframework.http.ResponseEntity<java.util.Map<java.lang.String, java.lang.Object>> org.springframework.boot.autoconfigure.web.BasicErrorController.error(javax.servlet.http.HttpServletRequest)
2018-11-22 22:03:39.258  INFO 19441 --- [           main] pertySourcedRequestMappingHandlerMapping : Mapped URL path [/v2/api-docs] onto method [public org.springframework.http.ResponseEntity<springfox.documentation.spring.web.json.Json> springfox.documentation.swagger2.web.Swagger2Controller.getDocumentation(java.lang.String,javax.servlet.http.HttpServletRequest)]
2018-11-22 22:03:39.725  INFO 19441 --- [           main] s.w.s.m.m.a.RequestMappingHandlerAdapter : Looking for @ControllerAdvice: org.springframework.boot.context.embedded.AnnotationConfigEmbeddedWebApplicationContext@4b9af9a9: startup date [Thu Nov 22 22:03:32 UTC 2018]; root of context hierarchy
2018-11-22 22:03:39.870  INFO 19441 --- [           main] o.s.w.s.handler.SimpleUrlHandlerMapping  : Mapped URL path [/webjars/**] onto handler of type [class org.springframework.web.servlet.resource.ResourceHttpRequestHandler]
2018-11-22 22:03:39.875  INFO 19441 --- [           main] o.s.w.s.handler.SimpleUrlHandlerMapping  : Mapped URL path [/**] onto handler of type [class org.springframework.web.servlet.resource.ResourceHttpRequestHandler]
2018-11-22 22:03:39.915  INFO 19441 --- [           main] .m.m.a.ExceptionHandlerExceptionResolver : Detected @ExceptionHandler methods in restExceptionHandlerAdvice
2018-11-22 22:03:39.969  INFO 19441 --- [           main] o.s.w.s.handler.SimpleUrlHandlerMapping  : Mapped URL path [/**/favicon.ico] onto handler of type [class org.springframework.web.servlet.resource.ResourceHttpRequestHandler]
2018-11-22 22:03:40.559  INFO 19441 --- [           main] o.s.j.e.a.AnnotationMBeanExporter        : Registering beans for JMX exposure on startup
2018-11-22 22:03:40.577  INFO 19441 --- [           main] o.s.c.support.DefaultLifecycleProcessor  : Starting beans in phase 2147483647
2018-11-22 22:03:40.578  INFO 19441 --- [           main] d.s.w.p.DocumentationPluginsBootstrapper : Context refreshed
2018-11-22 22:03:40.644  INFO 19441 --- [           main] d.s.w.p.DocumentationPluginsBootstrapper : Found 1 custom documentation plugin(s)
2018-11-22 22:03:40.722  INFO 19441 --- [           main] s.d.s.w.s.ApiListingReferenceScanner     : Scanning for api listing references
2018-11-22 22:03:41.134  INFO 19441 --- [           main] s.b.c.e.t.TomcatEmbeddedServletContainer : Tomcat started on port(s): 8080 (http)
2018-11-22 22:03:41.144  INFO 19441 --- [           main] br.com.facilitando.imagem.Application    : Started Application in 9.388 seconds (JVM running for 10.232)
2018-11-22 22:03:54.231  INFO 19441 --- [nio-8080-exec-1] o.a.c.c.C.[.[localhost].[/imagemApi]     : Initializing Spring FrameworkServlet 'dispatcherServlet'
2018-11-22 22:03:54.232  INFO 19441 --- [nio-8080-exec-1] o.s.web.servlet.DispatcherServlet        : FrameworkServlet 'dispatcherServlet': initialization started
2018-11-22 22:03:54.265  INFO 19441 --- [nio-8080-exec-1] o.s.web.servlet.DispatcherServlet        : FrameworkServlet 'dispatcherServlet': initialization completed in 33 ms
